<?xml version="1.0" encoding="UTF-8"?>
<testsuite name="com.mindex.challenge.DataBootstrapTest" tests="1" skipped="0" failures="0" errors="0" timestamp="2023-12-26T00:14:51" hostname="SONICDRJS-LAPTO" time="0.038">
  <properties/>
  <testcase name="test" classname="com.mindex.challenge.DataBootstrapTest" time="0.038"/>
  <system-out><![CDATA[2023-12-25 19:14:51.735  INFO 22644 --- [    Test worker] .b.t.c.SpringBootTestContextBootstrapper : Neither @ContextConfiguration nor @ContextHierarchy found for test class [com.mindex.challenge.DataBootstrapTest], using SpringBootContextLoader
2023-12-25 19:14:51.736  INFO 22644 --- [    Test worker] o.s.t.c.support.AbstractContextLoader    : Could not detect default resource locations for test class [com.mindex.challenge.DataBootstrapTest]: no resource found for suffixes {-context.xml, Context.groovy}.
2023-12-25 19:14:51.736  INFO 22644 --- [    Test worker] t.c.s.AnnotationConfigContextLoaderUtils : Could not detect default configuration classes for test class [com.mindex.challenge.DataBootstrapTest]: DataBootstrapTest does not declare any static, non-private, non-final, nested classes annotated with @Configuration.
2023-12-25 19:14:51.737  INFO 22644 --- [    Test worker] .b.t.c.SpringBootTestContextBootstrapper : Found @SpringBootConfiguration com.mindex.challenge.ChallengeApplication for test class com.mindex.challenge.DataBootstrapTest
2023-12-25 19:14:51.738  INFO 22644 --- [    Test worker] .b.t.c.SpringBootTestContextBootstrapper : Loaded default TestExecutionListener class names from location [META-INF/spring.factories]: [org.springframework.boot.test.autoconfigure.restdocs.RestDocsTestExecutionListener, org.springframework.boot.test.autoconfigure.web.client.MockRestServiceServerResetTestExecutionListener, org.springframework.boot.test.autoconfigure.web.servlet.MockMvcPrintOnlyOnFailureTestExecutionListener, org.springframework.boot.test.autoconfigure.web.servlet.WebDriverTestExecutionListener, org.springframework.boot.test.mock.mockito.MockitoTestExecutionListener, org.springframework.boot.test.mock.mockito.ResetMocksTestExecutionListener, org.springframework.test.context.web.ServletTestExecutionListener, org.springframework.test.context.support.DirtiesContextBeforeModesTestExecutionListener, org.springframework.test.context.support.DependencyInjectionTestExecutionListener, org.springframework.test.context.support.DirtiesContextTestExecutionListener, org.springframework.test.context.transaction.TransactionalTestExecutionListener, org.springframework.test.context.jdbc.SqlScriptsTestExecutionListener, org.springframework.test.context.event.EventPublishingTestExecutionListener]
2023-12-25 19:14:51.739  INFO 22644 --- [    Test worker] .b.t.c.SpringBootTestContextBootstrapper : Using TestExecutionListeners: [org.springframework.test.context.web.ServletTestExecutionListener@29f67560, org.springframework.test.context.support.DirtiesContextBeforeModesTestExecutionListener@964f08a, org.springframework.boot.test.mock.mockito.MockitoTestExecutionListener@2efca21f, org.springframework.boot.test.autoconfigure.SpringBootDependencyInjectionTestExecutionListener@2d5e46eb, org.springframework.test.context.support.DirtiesContextTestExecutionListener@37997b55, org.springframework.test.context.transaction.TransactionalTestExecutionListener@19573d8c, org.springframework.test.context.jdbc.SqlScriptsTestExecutionListener@527088e3, org.springframework.test.context.event.EventPublishingTestExecutionListener@d46e558, org.springframework.boot.test.autoconfigure.restdocs.RestDocsTestExecutionListener@71f96476, org.springframework.boot.test.autoconfigure.web.client.MockRestServiceServerResetTestExecutionListener@51e28c98, org.springframework.boot.test.autoconfigure.web.servlet.MockMvcPrintOnlyOnFailureTestExecutionListener@78331d7, org.springframework.boot.test.autoconfigure.web.servlet.WebDriverTestExecutionListener@3d55685a, org.springframework.boot.test.mock.mockito.ResetMocksTestExecutionListener@7356152]
]]></system-out>
  <system-err><![CDATA[]]></system-err>
</testsuite>
